<?xml version="1.0" encoding="UTF-8"?>
<!-- Generated by org.testng.reporters.JUnitReportReporter -->
<testsuite hostname="DESKTOP-P7QLHB2" failures="0" tests="4" name="testingExamples.Exp_TestNG" time="0.040" errors="0" timestamp="2 Sep 2022 06:16:58 GMT">
  <testcase classname="testingExamples.Exp_TestNG" name="logout" time="0.002"/>
  <testcase classname="testingExamples.Exp_TestNG" name="login" time="0.002"/>
  <testcase classname="testingExamples.Exp_TestNG" name="AddNewEmp" time="0.033"/>
  <testcase classname="testingExamples.Exp_TestNG" name="EditEmp" time="0.003"/>
</testsuite> <!-- testingExamples.Exp_TestNG -->
